<?xml version="1.0" encoding="UTF-8"?>
<!-- Generated by org.testng.reporters.JUnitReportReporter -->
<testsuite hostname="mina" failures="0" tests="1" name="com.Bootcamp_mediumpart1testCase.VerifyPresenceOfElemntsTest" time="6.653" errors="0" timestamp="17 Jul 2024 00:34:19 GMT" skipped="0">
  <testcase classname="com.Bootcamp_mediumpart1testCase.VerifyPresenceOfElemntsTest" name="verifyPresenceOfReturnsLink" time="6.653"/>
</testsuite> <!-- com.Bootcamp_mediumpart1testCase.VerifyPresenceOfElemntsTest -->
